Arguments: 
  /data/data/com.termux/files/usr/bin/node /data/data/com.termux/files/usr/share/yarn/bin/yarn.js add global code-server

PATH: 
  /data/data/com.termux/files/usr/bin:/data/data/com.termux/files/usr/bin/applets:/data/data/com.termux/files/home/jdk/jdk1.8.0_221/bin

Yarn version: 
  1.22.10

Node version: 
  14.15.4

Platform: 
  android arm64

Trace: 
  Error: EPERM: operation not permitted, symlink '../../../../detect-libc/bin/detect-libc.js' -> '/storage/emulated/0/gitclone/discord-kommando.js/node_modules/@mapbox/node-pre-gyp/node_modules/.bin/detect-libc'

npm manifest: 
  {
    "name": "discord-kommando.js",
    "version": "1.1.2",
    "description": "an Automatic command handler for discord.js",
    "main": "src/main.js",
    "scripts": {
      "test": "node src/main.js"
    },
    "repository": {
      "type": "git",
      "url": "git+https://github.com/gooddltmdqls/discord-kommando.js.git"
    },
    "keywords": [
      "discord.js",
      "commandhandler"
    ],
    "author": "Icetang0123, Commandblock070",
    "license": "Apache-2.0",
    "bugs": {
      "url": "https://github.com/gooddltmdqls/discord-kommando.js/issues"
    },
    "homepage": "https://github.com/gooddltmdqls/discord-kommando.js#readme",
    "dependencies": {
      "discord-buttons": "^4.0.0",
      "discord.js": "^12.5.3"
    },
    "devDependencies": {}
  }

yarn manifest: 
  No manifest

Lockfile: 
  No lockfile
